2017-02-11 10:29:43,877 - Log4JLogChute initialized using file 'velocity.log'
2017-02-11 10:29:43,878 - Velocity was not initialized! Calling init()...
2017-02-11 10:29:43,878 - Starting Apache Velocity v1.5 (compiled: 2007-02-22 08:52:29)
2017-02-11 10:29:43,878 - Default Properties File: org\apache\velocity\runtime\defaults\velocity.properties
2017-02-11 10:29:43,878 - Trying to use logger class org.apache.velocity.runtime.log.AvalonLogChute
2017-02-11 10:29:43,879 - Couldn't find class org.apache.velocity.runtime.log.AvalonLogChute or necessary supporting classes in classpath.
java.lang.NoClassDefFoundError: org/apache/log/format/Formatter
	at java.lang.Class.forName0(Native Method)
	at java.lang.Class.forName(Class.java:348)
	at org.apache.velocity.util.ClassUtils.getClass(ClassUtils.java:63)
	at org.apache.velocity.util.ClassUtils.getNewInstance(ClassUtils.java:95)
	at org.apache.velocity.runtime.log.LogManager.createLogChute(LogManager.java:147)
	at org.apache.velocity.runtime.log.LogManager.updateLog(LogManager.java:208)
	at org.apache.velocity.runtime.RuntimeInstance.initializeLog(RuntimeInstance.java:728)
	at org.apache.velocity.runtime.RuntimeInstance.init(RuntimeInstance.java:240)
	at org.apache.velocity.runtime.RuntimeInstance.parse(RuntimeInstance.java:993)
	at org.apache.velocity.runtime.RuntimeInstance.parse(RuntimeInstance.java:972)
	at org.apache.velocity.runtime.RuntimeSingleton.parse(RuntimeSingleton.java:265)
	at org.apache.velocity.app.Velocity.evaluate(Velocity.java:274)
	at org.sonatype.mavenbook.weather.WeatherFormatter.format(WeatherFormatter.java:21)
	at org.sonatype.mavenbook.weather.yahoo.WeatherFormatterTest.testFormat(WeatherFormatterTest.java:23)
	at sun.reflect.NativeMethodAccessorImpl.invoke0(Native Method)
	at sun.reflect.NativeMethodAccessorImpl.invoke(NativeMethodAccessorImpl.java:62)
	at sun.reflect.DelegatingMethodAccessorImpl.invoke(DelegatingMethodAccessorImpl.java:43)
	at java.lang.reflect.Method.invoke(Method.java:498)
	at junit.framework.TestCase.runTest(TestCase.java:176)
	at junit.framework.TestCase.runBare(TestCase.java:141)
	at junit.framework.TestResult$1.protect(TestResult.java:122)
	at junit.framework.TestResult.runProtected(TestResult.java:142)
	at junit.framework.TestResult.run(TestResult.java:125)
	at junit.framework.TestCase.run(TestCase.java:129)
	at junit.framework.TestSuite.runTest(TestSuite.java:252)
	at junit.framework.TestSuite.run(TestSuite.java:247)
	at org.junit.internal.runners.JUnit38ClassRunner.run(JUnit38ClassRunner.java:86)
	at org.apache.maven.surefire.junit4.JUnit4Provider.execute(JUnit4Provider.java:252)
	at org.apache.maven.surefire.junit4.JUnit4Provider.executeTestSet(JUnit4Provider.java:141)
	at org.apache.maven.surefire.junit4.JUnit4Provider.invoke(JUnit4Provider.java:112)
	at sun.reflect.NativeMethodAccessorImpl.invoke0(Native Method)
	at sun.reflect.NativeMethodAccessorImpl.invoke(NativeMethodAccessorImpl.java:62)
	at sun.reflect.DelegatingMethodAccessorImpl.invoke(DelegatingMethodAccessorImpl.java:43)
	at java.lang.reflect.Method.invoke(Method.java:498)
	at org.apache.maven.surefire.util.ReflectionUtils.invokeMethodWithArray(ReflectionUtils.java:189)
	at org.apache.maven.surefire.booter.ProviderFactory$ProviderProxy.invoke(ProviderFactory.java:165)
	at org.apache.maven.surefire.booter.ProviderFactory.invokeProvider(ProviderFactory.java:85)
	at org.apache.maven.surefire.booter.ForkedBooter.runSuitesInProcess(ForkedBooter.java:115)
	at org.apache.maven.surefire.booter.ForkedBooter.main(ForkedBooter.java:75)
Caused by: java.lang.ClassNotFoundException: org.apache.log.format.Formatter
	at java.net.URLClassLoader.findClass(URLClassLoader.java:381)
	at java.lang.ClassLoader.loadClass(ClassLoader.java:424)
	at sun.misc.Launcher$AppClassLoader.loadClass(Launcher.java:331)
	at java.lang.ClassLoader.loadClass(ClassLoader.java:357)
	... 39 more
2017-02-11 10:29:43,882 - Trying to use logger class org.apache.velocity.runtime.log.Log4JLogChute
2017-02-11 10:29:43,882 - Using logger class org.apache.velocity.runtime.log.Log4JLogChute
2017-02-11 10:29:43,884 - Default ResourceManager initializing. (class org.apache.velocity.runtime.resource.ResourceManagerImpl)
2017-02-11 10:29:43,888 - ResourceLoader instantiated: org.apache.velocity.runtime.resource.loader.FileResourceLoader
2017-02-11 10:29:43,889 - Do unicode file recognition:  false
2017-02-11 10:29:43,890 - FileResourceLoader : adding path '.'
2017-02-11 10:29:43,900 - ResourceCache: initialized (class org.apache.velocity.runtime.resource.ResourceCacheImpl)
2017-02-11 10:29:43,902 - Loaded System Directive: org.apache.velocity.runtime.directive.Literal
2017-02-11 10:29:43,903 - Loaded System Directive: org.apache.velocity.runtime.directive.Macro
2017-02-11 10:29:43,905 - Loaded System Directive: org.apache.velocity.runtime.directive.Parse
2017-02-11 10:29:43,906 - Loaded System Directive: org.apache.velocity.runtime.directive.Include
2017-02-11 10:29:43,907 - Loaded System Directive: org.apache.velocity.runtime.directive.Foreach
2017-02-11 10:29:43,934 - Created '20' parsers.
2017-02-11 10:29:43,939 - Velocimacro : "velocimacro.library" is not set.  Trying default library: VM_global_library.vm
2017-02-11 10:29:43,940 - Velocimacro : Default library not found.
2017-02-11 10:29:43,940 - Velocimacro : allowInline = true : VMs can be defined inline in templates
2017-02-11 10:29:43,940 - Velocimacro : allowInlineToOverride = false : VMs defined inline may NOT replace previous VM definitions
2017-02-11 10:29:43,940 - Velocimacro : allowInlineLocal = false : VMs defined inline will be global in scope if allowed.
2017-02-11 10:29:43,940 - Velocimacro : autoload off : VM system will not automatically reload global library macros
2017-02-11 10:35:02,742 - Log4JLogChute initialized using file 'velocity.log'
2017-02-11 10:35:02,743 - Velocity was not initialized! Calling init()...
2017-02-11 10:35:02,743 - Starting Apache Velocity v1.5 (compiled: 2007-02-22 08:52:29)
2017-02-11 10:35:02,743 - Default Properties File: org\apache\velocity\runtime\defaults\velocity.properties
2017-02-11 10:35:02,743 - Trying to use logger class org.apache.velocity.runtime.log.AvalonLogChute
2017-02-11 10:35:02,746 - Couldn't find class org.apache.velocity.runtime.log.AvalonLogChute or necessary supporting classes in classpath.
java.lang.NoClassDefFoundError: org/apache/log/format/Formatter
	at java.lang.Class.forName0(Native Method)
	at java.lang.Class.forName(Class.java:348)
	at org.apache.velocity.util.ClassUtils.getClass(ClassUtils.java:63)
	at org.apache.velocity.util.ClassUtils.getNewInstance(ClassUtils.java:95)
	at org.apache.velocity.runtime.log.LogManager.createLogChute(LogManager.java:147)
	at org.apache.velocity.runtime.log.LogManager.updateLog(LogManager.java:208)
	at org.apache.velocity.runtime.RuntimeInstance.initializeLog(RuntimeInstance.java:728)
	at org.apache.velocity.runtime.RuntimeInstance.init(RuntimeInstance.java:240)
	at org.apache.velocity.runtime.RuntimeInstance.parse(RuntimeInstance.java:993)
	at org.apache.velocity.runtime.RuntimeInstance.parse(RuntimeInstance.java:972)
	at org.apache.velocity.runtime.RuntimeSingleton.parse(RuntimeSingleton.java:265)
	at org.apache.velocity.app.Velocity.evaluate(Velocity.java:274)
	at org.sonatype.mavenbook.weather.WeatherFormatter.format(WeatherFormatter.java:21)
	at org.sonatype.mavenbook.weather.yahoo.WeatherFormatterTest.testFormat(WeatherFormatterTest.java:23)
	at sun.reflect.NativeMethodAccessorImpl.invoke0(Native Method)
	at sun.reflect.NativeMethodAccessorImpl.invoke(NativeMethodAccessorImpl.java:62)
	at sun.reflect.DelegatingMethodAccessorImpl.invoke(DelegatingMethodAccessorImpl.java:43)
	at java.lang.reflect.Method.invoke(Method.java:498)
	at junit.framework.TestCase.runTest(TestCase.java:176)
	at junit.framework.TestCase.runBare(TestCase.java:141)
	at junit.framework.TestResult$1.protect(TestResult.java:122)
	at junit.framework.TestResult.runProtected(TestResult.java:142)
	at junit.framework.TestResult.run(TestResult.java:125)
	at junit.framework.TestCase.run(TestCase.java:129)
	at junit.framework.TestSuite.runTest(TestSuite.java:252)
	at junit.framework.TestSuite.run(TestSuite.java:247)
	at org.junit.internal.runners.JUnit38ClassRunner.run(JUnit38ClassRunner.java:86)
	at org.apache.maven.surefire.junit4.JUnit4Provider.execute(JUnit4Provider.java:252)
	at org.apache.maven.surefire.junit4.JUnit4Provider.executeTestSet(JUnit4Provider.java:141)
	at org.apache.maven.surefire.junit4.JUnit4Provider.invoke(JUnit4Provider.java:112)
	at sun.reflect.NativeMethodAccessorImpl.invoke0(Native Method)
	at sun.reflect.NativeMethodAccessorImpl.invoke(NativeMethodAccessorImpl.java:62)
	at sun.reflect.DelegatingMethodAccessorImpl.invoke(DelegatingMethodAccessorImpl.java:43)
	at java.lang.reflect.Method.invoke(Method.java:498)
	at org.apache.maven.surefire.util.ReflectionUtils.invokeMethodWithArray(ReflectionUtils.java:189)
	at org.apache.maven.surefire.booter.ProviderFactory$ProviderProxy.invoke(ProviderFactory.java:165)
	at org.apache.maven.surefire.booter.ProviderFactory.invokeProvider(ProviderFactory.java:85)
	at org.apache.maven.surefire.booter.ForkedBooter.runSuitesInProcess(ForkedBooter.java:115)
	at org.apache.maven.surefire.booter.ForkedBooter.main(ForkedBooter.java:75)
Caused by: java.lang.ClassNotFoundException: org.apache.log.format.Formatter
	at java.net.URLClassLoader.findClass(URLClassLoader.java:381)
	at java.lang.ClassLoader.loadClass(ClassLoader.java:424)
	at sun.misc.Launcher$AppClassLoader.loadClass(Launcher.java:331)
	at java.lang.ClassLoader.loadClass(ClassLoader.java:357)
	... 39 more
2017-02-11 10:35:02,750 - Trying to use logger class org.apache.velocity.runtime.log.Log4JLogChute
2017-02-11 10:35:02,751 - Using logger class org.apache.velocity.runtime.log.Log4JLogChute
2017-02-11 10:35:02,753 - Default ResourceManager initializing. (class org.apache.velocity.runtime.resource.ResourceManagerImpl)
2017-02-11 10:35:02,758 - ResourceLoader instantiated: org.apache.velocity.runtime.resource.loader.FileResourceLoader
2017-02-11 10:35:02,760 - Do unicode file recognition:  false
2017-02-11 10:35:02,760 - FileResourceLoader : adding path '.'
2017-02-11 10:35:02,772 - ResourceCache: initialized (class org.apache.velocity.runtime.resource.ResourceCacheImpl)
2017-02-11 10:35:02,773 - Loaded System Directive: org.apache.velocity.runtime.directive.Literal
2017-02-11 10:35:02,774 - Loaded System Directive: org.apache.velocity.runtime.directive.Macro
2017-02-11 10:35:02,776 - Loaded System Directive: org.apache.velocity.runtime.directive.Parse
2017-02-11 10:35:02,777 - Loaded System Directive: org.apache.velocity.runtime.directive.Include
2017-02-11 10:35:02,777 - Loaded System Directive: org.apache.velocity.runtime.directive.Foreach
2017-02-11 10:35:02,802 - Created '20' parsers.
2017-02-11 10:35:02,809 - Velocimacro : "velocimacro.library" is not set.  Trying default library: VM_global_library.vm
2017-02-11 10:35:02,809 - Velocimacro : Default library not found.
2017-02-11 10:35:02,809 - Velocimacro : allowInline = true : VMs can be defined inline in templates
2017-02-11 10:35:02,809 - Velocimacro : allowInlineToOverride = false : VMs defined inline may NOT replace previous VM definitions
2017-02-11 10:35:02,809 - Velocimacro : allowInlineLocal = false : VMs defined inline will be global in scope if allowed.
2017-02-11 10:35:02,810 - Velocimacro : autoload off : VM system will not automatically reload global library macros
